0 info it worked if it ends with ok
1 verbose cli [ '/usr/bin/nodejs', '/usr/bin/npm', 'run', 'start' ]
2 info using npm@3.5.2
3 info using node@v4.2.6
4 verbose run-script [ 'prestart', 'start', 'poststart' ]
5 info lifecycle check-stock@1.0.0~prestart: check-stock@1.0.0
6 silly lifecycle check-stock@1.0.0~prestart: no script for prestart, continuing
7 info lifecycle check-stock@1.0.0~start: check-stock@1.0.0
8 verbose lifecycle check-stock@1.0.0~start: unsafe-perm in lifecycle true
9 verbose lifecycle check-stock@1.0.0~start: PATH: /usr/share/npm/bin/node-gyp-bin:/mnt/d/Project/check-stock/node_modules/.bin:/usr/local/sbin:/usr/local/bin:/usr/sbin:/usr/bin:/sbin:/bin:/usr/games:/usr/local/games:/mnt/c/Program Files/Microsoft MPI/Bin:/mnt/c/ProgramData/Oracle/Java/javapath_target_40346703:/mnt/c/Program Files (x86)/Intel/iCLS Client:/mnt/c/Program Files/Intel/iCLS Client:/mnt/c/Windows/System32:/mnt/c/Windows:/mnt/c/Windows/System32/wbem:/mnt/c/Windows/System32/WindowsPowerShell/v1.0:/mnt/c/Program Files (x86)/Intel/Intel(R) Management Engine Components/DAL:/mnt/c/Program Files/Intel/Intel(R) Management Engine Components/DAL:/mnt/c/Program Files (x86)/Intel/Intel(R) Management Engine Components/IPT:/mnt/c/Program Files/Intel/Intel(R) Management Engine Components/IPT:/mnt/c/Program Files (x86)/NVIDIA Corporation/PhysX/Common:/mnt/c/Program Files/Git/cmd:/mnt/c/Windows/System32:/mnt/c/Windows:/mnt/c/Windows/System32/wbem:/mnt/c/Windows/System32/WindowsPowerShell/v1.0:/mnt/c/Windows/System32/OpenSSH:/mnt/c/Program Files/nodejs:/mnt/c/Program Files (x86)/Yarn/bin:/mnt/c/Users/borbier/AppData/Local/Programs/Python/Python37-32:/mnt/c/Program Files/Microsoft VS Code/bin:/mnt/d/Program Files/MATLAB/runtime/win64:/mnt/d/Program Files/MATLAB/bin:/mnt/d/Program Files/MATLAB/polyspace/bin:/mnt/c/Program Files/dotnet:/mnt/c/Program Files/Microsoft SQL Server/130/Tools/Binn:/mnt/c/Program Files/Intel/WiFi/bin:/mnt/c/Program Files/Common Files/Intel/WirelessCommon:/mnt/c/Program Files/PuTTY:/mnt/c/Users/borbier/AppData/Local/Programs/Python/Python36/Scripts:/mnt/c/Users/borbier/AppData/Local/Programs/Python/Python36:/mnt/c/Users/borbier/AppData/Local/Microsoft/WindowsApps:/mnt/c/Program Files/Microsoft VS Code/bin:/mnt/c/Users/borbier/AppData/Local/GitHubDesktop/bin:/mnt/c/Users/borbier/AppData/Roaming/npm:/mnt/c/Users/borbier/AppData/Local/Yarn/bin:/mnt/c/Program Files/MongoDB/Server/4.0/bin:/mnt/c/Program Files/Intel/WiFi/bin:/mnt/c/Program Files/Common Files/Intel/WirelessCommon:/mnt/c/Users/borbier/AppData/Local/hyper/app-2.1.0/resources/bin:/snap/bin
10 verbose lifecycle check-stock@1.0.0~start: CWD: /mnt/d/Project/check-stock
11 silly lifecycle check-stock@1.0.0~start: Args: [ '-c', 'electron .' ]
12 info lifecycle check-stock@1.0.0~start: Failed to exec start script
13 verbose stack Error: check-stock@1.0.0 start: `electron .`
13 verbose stack spawn ENOENT
13 verbose stack     at ChildProcess.<anonymous> (/usr/share/npm/lib/utils/spawn.js:17:16)
13 verbose stack     at emitTwo (events.js:87:13)
13 verbose stack     at ChildProcess.emit (events.js:172:7)
13 verbose stack     at maybeClose (internal/child_process.js:821:16)
13 verbose stack     at Process.ChildProcess._handle.onexit (internal/child_process.js:211:5)
14 verbose pkgid check-stock@1.0.0
15 verbose cwd /mnt/d/Project/check-stock
16 error Linux 4.4.0-17134-Microsoft
17 error argv "/usr/bin/nodejs" "/usr/bin/npm" "run" "start"
18 error node v4.2.6
19 error npm  v3.5.2
20 error file sh
21 error code ELIFECYCLE
22 error errno ENOENT
23 error syscall spawn
24 error check-stock@1.0.0 start: `electron .`
24 error spawn ENOENT
25 error Failed at the check-stock@1.0.0 start script 'electron .'.
25 error Make sure you have the latest version of node.js and npm installed.
25 error If you do, this is most likely a problem with the check-stock package,
25 error not with npm itself.
25 error Tell the author that this fails on your system:
25 error     electron .
25 error You can get information on how to open an issue for this project with:
25 error     npm bugs check-stock
25 error Or if that isn't available, you can get their info via:
25 error     npm owner ls check-stock
25 error There is likely additional logging output above.
26 verbose exit [ 1, true ]
